[2024-06-24T11:08:21.257+0000] {local_task_job_runner.py:120} INFO - ::group::Pre task execution logs
[2024-06-24T11:08:21.279+0000] {taskinstance.py:2076} INFO - Dependencies all met for dep_context=non-requeueable deps ti=<TaskInstance: weather_dag.processing_tasks.process_data_kyiv scheduled__2024-06-23T00:00:00+00:00 [queued]>
[2024-06-24T11:08:21.292+0000] {taskinstance.py:2076} INFO - Dependencies all met for dep_context=requeueable deps ti=<TaskInstance: weather_dag.processing_tasks.process_data_kyiv scheduled__2024-06-23T00:00:00+00:00 [queued]>
[2024-06-24T11:08:21.292+0000] {taskinstance.py:2306} INFO - Starting attempt 3 of 3
[2024-06-24T11:08:21.308+0000] {taskinstance.py:2330} INFO - Executing <Task(PythonOperator): processing_tasks.process_data_kyiv> on 2024-06-23 00:00:00+00:00
[2024-06-24T11:08:21.316+0000] {warnings.py:112} WARNING - /home/***/.local/lib/python3.12/site-packages/***/task/task_runner/standard_task_runner.py:61: DeprecationWarning: This process (pid=1086) is multi-threaded, use of fork() may lead to deadlocks in the child.
  pid = os.fork()

[2024-06-24T11:08:21.318+0000] {standard_task_runner.py:63} INFO - Started process 1091 to run task
[2024-06-24T11:08:21.319+0000] {standard_task_runner.py:90} INFO - Running: ['***', 'tasks', 'run', 'weather_dag', 'processing_tasks.process_data_kyiv', 'scheduled__2024-06-23T00:00:00+00:00', '--job-id', '114', '--raw', '--subdir', 'DAGS_FOLDER/weather_dag.py', '--cfg-path', '/tmp/tmp6499jd8f']
[2024-06-24T11:08:21.322+0000] {standard_task_runner.py:91} INFO - Job 114: Subtask processing_tasks.process_data_kyiv
[2024-06-24T11:08:21.382+0000] {task_command.py:426} INFO - Running <TaskInstance: weather_dag.processing_tasks.process_data_kyiv scheduled__2024-06-23T00:00:00+00:00 [running]> on host afc8096e8b86
[2024-06-24T11:08:21.510+0000] {taskinstance.py:2648} INFO - Exporting env vars: AIRFLOW_CTX_DAG_OWNER='***' AIRFLOW_CTX_DAG_ID='weather_dag' AIRFLOW_CTX_TASK_ID='processing_tasks.process_data_kyiv' AIRFLOW_CTX_EXECUTION_DATE='2024-06-23T00:00:00+00:00' AIRFLOW_CTX_TRY_NUMBER='3' AIRFLOW_CTX_DAG_RUN_ID='scheduled__2024-06-23T00:00:00+00:00'
[2024-06-24T11:08:21.513+0000] {taskinstance.py:430} INFO - ::endgroup::
[2024-06-24T11:08:21.527+0000] {python.py:237} INFO - Done. Returned value was: (1719227341, 293.9, 73, 81, 0.45)
[2024-06-24T11:08:21.528+0000] {taskinstance.py:441} INFO - ::group::Post task execution logs
[2024-06-24T11:08:21.552+0000] {taskinstance.py:1206} INFO - Marking task as SUCCESS. dag_id=weather_dag, task_id=processing_tasks.process_data_kyiv, run_id=scheduled__2024-06-23T00:00:00+00:00, execution_date=20240623T000000, start_date=20240624T110821, end_date=20240624T110821
[2024-06-24T11:08:21.613+0000] {local_task_job_runner.py:240} INFO - Task exited with return code 0
[2024-06-24T11:08:21.622+0000] {warnings.py:112} WARNING - /home/***/.local/lib/python3.12/site-packages/***/models/baseoperator.py:1297: AirflowProviderDeprecationWarning: Call to deprecated class PostgresOperator. (Please use `***.providers.common.sql.operators.sql.SQLExecuteQueryOperator`.Also, you can provide `hook_params={'schema': <database>}`.)
  result = cls.__new__(cls)

[2024-06-24T11:08:21.635+0000] {taskinstance.py:3503} INFO - 1 downstream tasks scheduled from follow-on schedule check
[2024-06-24T11:08:21.638+0000] {local_task_job_runner.py:222} INFO - ::endgroup::
