[2024-06-24T11:40:42.872+0000] {local_task_job_runner.py:120} INFO - ::group::Pre task execution logs
[2024-06-24T11:40:42.894+0000] {taskinstance.py:2076} INFO - Dependencies all met for dep_context=non-requeueable deps ti=<TaskInstance: weather_dag.processing_tasks.inject_data_zhmerynka scheduled__2024-06-23T00:00:00+00:00 [queued]>
[2024-06-24T11:40:42.908+0000] {taskinstance.py:2076} INFO - Dependencies all met for dep_context=requeueable deps ti=<TaskInstance: weather_dag.processing_tasks.inject_data_zhmerynka scheduled__2024-06-23T00:00:00+00:00 [queued]>
[2024-06-24T11:40:42.908+0000] {taskinstance.py:2306} INFO - Starting attempt 1 of 1
[2024-06-24T11:40:42.928+0000] {taskinstance.py:2330} INFO - Executing <Task(PostgresOperator): processing_tasks.inject_data_zhmerynka> on 2024-06-23 00:00:00+00:00
[2024-06-24T11:40:42.938+0000] {warnings.py:112} WARNING - /home/***/.local/lib/python3.12/site-packages/***/task/task_runner/standard_task_runner.py:61: DeprecationWarning: This process (pid=1784) is multi-threaded, use of fork() may lead to deadlocks in the child.
  pid = os.fork()

[2024-06-24T11:40:42.939+0000] {standard_task_runner.py:63} INFO - Started process 1794 to run task
[2024-06-24T11:40:42.940+0000] {standard_task_runner.py:90} INFO - Running: ['***', 'tasks', 'run', 'weather_dag', 'processing_tasks.inject_data_zhmerynka', 'scheduled__2024-06-23T00:00:00+00:00', '--job-id', '192', '--raw', '--subdir', 'DAGS_FOLDER/weather_dag.py', '--cfg-path', '/tmp/tmpx03of8r5']
[2024-06-24T11:40:42.943+0000] {standard_task_runner.py:91} INFO - Job 192: Subtask processing_tasks.inject_data_zhmerynka
[2024-06-24T11:40:43.005+0000] {task_command.py:426} INFO - Running <TaskInstance: weather_dag.processing_tasks.inject_data_zhmerynka scheduled__2024-06-23T00:00:00+00:00 [running]> on host afc8096e8b86
[2024-06-24T11:40:43.195+0000] {taskinstance.py:2648} INFO - Exporting env vars: AIRFLOW_CTX_DAG_OWNER='***' AIRFLOW_CTX_DAG_ID='weather_dag' AIRFLOW_CTX_TASK_ID='processing_tasks.inject_data_zhmerynka' AIRFLOW_CTX_EXECUTION_DATE='2024-06-23T00:00:00+00:00' AIRFLOW_CTX_TRY_NUMBER='1' AIRFLOW_CTX_DAG_RUN_ID='scheduled__2024-06-23T00:00:00+00:00'
[2024-06-24T11:40:43.198+0000] {taskinstance.py:430} INFO - ::endgroup::
[2024-06-24T11:40:43.199+0000] {sql.py:276} INFO - Executing: 
            INSERT INTO public.measures (timestamp, temp, humidity, clouds, wind_speed, city)
            VALUES (to_timestamp(1719100800), 
                   290.9,
                   86,
                   15,
                   2.82,
                   'Zhmerynka'
            );
[2024-06-24T11:40:43.211+0000] {base.py:84} INFO - Using connection ID 'ps_db_conn' for task execution.
[2024-06-24T11:40:43.224+0000] {base.py:84} INFO - Using connection ID 'ps_db_conn' for task execution.
[2024-06-24T11:40:43.229+0000] {sql.py:487} INFO - Running statement: 
            INSERT INTO public.measures (timestamp, temp, humidity, clouds, wind_speed, city)
            VALUES (to_timestamp(1719100800), 
                   290.9,
                   86,
                   15,
                   2.82,
                   'Zhmerynka'
            );, parameters: None
[2024-06-24T11:40:43.230+0000] {sql.py:496} INFO - Rows affected: 1
[2024-06-24T11:40:43.235+0000] {taskinstance.py:441} INFO - ::group::Post task execution logs
[2024-06-24T11:40:43.246+0000] {taskinstance.py:1206} INFO - Marking task as SUCCESS. dag_id=weather_dag, task_id=processing_tasks.inject_data_zhmerynka, run_id=scheduled__2024-06-23T00:00:00+00:00, execution_date=20240623T000000, start_date=20240624T114042, end_date=20240624T114043
[2024-06-24T11:40:43.274+0000] {local_task_job_runner.py:240} INFO - Task exited with return code 0
[2024-06-24T11:40:43.285+0000] {local_task_job_runner.py:222} INFO - ::endgroup::
