[2024-06-24T11:40:35.440+0000] {local_task_job_runner.py:120} INFO - ::group::Pre task execution logs
[2024-06-24T11:40:35.490+0000] {taskinstance.py:2076} INFO - Dependencies all met for dep_context=non-requeueable deps ti=<TaskInstance: weather_dag.processing_tasks.extract_data_zhmerynka scheduled__2024-06-23T00:00:00+00:00 [queued]>
[2024-06-24T11:40:35.511+0000] {taskinstance.py:2076} INFO - Dependencies all met for dep_context=requeueable deps ti=<TaskInstance: weather_dag.processing_tasks.extract_data_zhmerynka scheduled__2024-06-23T00:00:00+00:00 [queued]>
[2024-06-24T11:40:35.512+0000] {taskinstance.py:2306} INFO - Starting attempt 1 of 1
[2024-06-24T11:40:35.547+0000] {taskinstance.py:2330} INFO - Executing <Task(SimpleHttpOperator): processing_tasks.extract_data_zhmerynka> on 2024-06-23 00:00:00+00:00
[2024-06-24T11:40:35.560+0000] {warnings.py:112} WARNING - /home/***/.local/lib/python3.12/site-packages/***/task/task_runner/standard_task_runner.py:61: DeprecationWarning: This process (pid=1721) is multi-threaded, use of fork() may lead to deadlocks in the child.
  pid = os.fork()

[2024-06-24T11:40:35.562+0000] {standard_task_runner.py:63} INFO - Started process 1746 to run task
[2024-06-24T11:40:35.563+0000] {standard_task_runner.py:90} INFO - Running: ['***', 'tasks', 'run', 'weather_dag', 'processing_tasks.extract_data_zhmerynka', 'scheduled__2024-06-23T00:00:00+00:00', '--job-id', '177', '--raw', '--subdir', 'DAGS_FOLDER/weather_dag.py', '--cfg-path', '/tmp/tmphrg3z9j5']
[2024-06-24T11:40:35.568+0000] {standard_task_runner.py:91} INFO - Job 177: Subtask processing_tasks.extract_data_zhmerynka
[2024-06-24T11:40:35.657+0000] {task_command.py:426} INFO - Running <TaskInstance: weather_dag.processing_tasks.extract_data_zhmerynka scheduled__2024-06-23T00:00:00+00:00 [running]> on host afc8096e8b86
[2024-06-24T11:40:35.868+0000] {taskinstance.py:2648} INFO - Exporting env vars: AIRFLOW_CTX_DAG_OWNER='***' AIRFLOW_CTX_DAG_ID='weather_dag' AIRFLOW_CTX_TASK_ID='processing_tasks.extract_data_zhmerynka' AIRFLOW_CTX_EXECUTION_DATE='2024-06-23T00:00:00+00:00' AIRFLOW_CTX_TRY_NUMBER='1' AIRFLOW_CTX_DAG_RUN_ID='scheduled__2024-06-23T00:00:00+00:00'
[2024-06-24T11:40:35.871+0000] {taskinstance.py:430} INFO - ::endgroup::
[2024-06-24T11:40:35.872+0000] {http.py:169} INFO - Calling HTTP method
[2024-06-24T11:40:35.888+0000] {base.py:84} INFO - Using connection ID 'weather_conn' for task execution.
[2024-06-24T11:40:35.901+0000] {base.py:84} INFO - Using connection ID 'weather_conn' for task execution.
[2024-06-24T11:40:36.251+0000] {http.py:208} INFO - {"lat":49.0369,"lon":28.1211,"timezone":"Europe/Kiev","timezone_offset":10800,"data":[{"dt":1719100800,"sunrise":1719108214,"sunset":1719166553,"temp":290.9,"feels_like":290.98,"pressure":1011,"humidity":86,"dew_point":288.53,"uvi":0,"clouds":15,"visibility":10000,"wind_speed":2.82,"wind_deg":284,"wind_gust":3.48,"weather":[{"id":801,"main":"Clouds","description":"few clouds","icon":"02n"}]}]}
[2024-06-24T11:40:36.254+0000] {taskinstance.py:441} INFO - ::group::Post task execution logs
[2024-06-24T11:40:36.299+0000] {taskinstance.py:1206} INFO - Marking task as SUCCESS. dag_id=weather_dag, task_id=processing_tasks.extract_data_zhmerynka, run_id=scheduled__2024-06-23T00:00:00+00:00, execution_date=20240623T000000, start_date=20240624T114035, end_date=20240624T114036
[2024-06-24T11:40:36.340+0000] {local_task_job_runner.py:240} INFO - Task exited with return code 0
[2024-06-24T11:40:36.358+0000] {warnings.py:112} WARNING - /home/***/.local/lib/python3.12/site-packages/***/models/baseoperator.py:1297: AirflowProviderDeprecationWarning: Call to deprecated class PostgresOperator. (Please use `***.providers.common.sql.operators.sql.SQLExecuteQueryOperator`.Also, you can provide `hook_params={'schema': <database>}`.)
  result = cls.__new__(cls)

[2024-06-24T11:40:36.359+0000] {warnings.py:112} WARNING - /home/***/.local/lib/python3.12/site-packages/***/models/baseoperator.py:1297: AirflowProviderDeprecationWarning: Call to deprecated class SimpleHttpOperator. (Class `SimpleHttpOperator` is deprecated and will be removed in a future release. Please use `HttpOperator` instead.)
  result = cls.__new__(cls)

[2024-06-24T11:40:36.400+0000] {taskinstance.py:3503} INFO - 1 downstream tasks scheduled from follow-on schedule check
[2024-06-24T11:40:36.403+0000] {local_task_job_runner.py:222} INFO - ::endgroup::
