[2024-06-24T09:54:02.757+0000] {local_task_job_runner.py:120} INFO - ::group::Pre task execution logs
[2024-06-24T09:54:02.785+0000] {taskinstance.py:2076} INFO - Dependencies all met for dep_context=non-requeueable deps ti=<TaskInstance: weather_dag.processing_tasks.extract_data_kyiv scheduled__2024-06-22T00:00:00+00:00 [queued]>
[2024-06-24T09:54:02.799+0000] {taskinstance.py:2076} INFO - Dependencies all met for dep_context=requeueable deps ti=<TaskInstance: weather_dag.processing_tasks.extract_data_kyiv scheduled__2024-06-22T00:00:00+00:00 [queued]>
[2024-06-24T09:54:02.800+0000] {taskinstance.py:2306} INFO - Starting attempt 3 of 3
[2024-06-24T09:54:02.824+0000] {taskinstance.py:2330} INFO - Executing <Task(SimpleHttpOperator): processing_tasks.extract_data_kyiv> on 2024-06-22 00:00:00+00:00
[2024-06-24T09:54:02.833+0000] {warnings.py:112} WARNING - /home/***/.local/lib/python3.12/site-packages/***/task/task_runner/standard_task_runner.py:61: DeprecationWarning: This process (pid=376) is multi-threaded, use of fork() may lead to deadlocks in the child.
  pid = os.fork()

[2024-06-24T09:54:02.835+0000] {standard_task_runner.py:63} INFO - Started process 380 to run task
[2024-06-24T09:54:02.834+0000] {standard_task_runner.py:90} INFO - Running: ['***', 'tasks', 'run', 'weather_dag', 'processing_tasks.extract_data_kyiv', 'scheduled__2024-06-22T00:00:00+00:00', '--job-id', '28', '--raw', '--subdir', 'DAGS_FOLDER/weather_dag.py', '--cfg-path', '/tmp/tmpef3shki9']
[2024-06-24T09:54:02.838+0000] {standard_task_runner.py:91} INFO - Job 28: Subtask processing_tasks.extract_data_kyiv
[2024-06-24T09:54:02.910+0000] {task_command.py:426} INFO - Running <TaskInstance: weather_dag.processing_tasks.extract_data_kyiv scheduled__2024-06-22T00:00:00+00:00 [running]> on host be890d2c7850
[2024-06-24T09:54:03.043+0000] {taskinstance.py:2648} INFO - Exporting env vars: AIRFLOW_CTX_DAG_OWNER='***' AIRFLOW_CTX_DAG_ID='weather_dag' AIRFLOW_CTX_TASK_ID='processing_tasks.extract_data_kyiv' AIRFLOW_CTX_EXECUTION_DATE='2024-06-22T00:00:00+00:00' AIRFLOW_CTX_TRY_NUMBER='3' AIRFLOW_CTX_DAG_RUN_ID='scheduled__2024-06-22T00:00:00+00:00'
[2024-06-24T09:54:03.047+0000] {taskinstance.py:430} INFO - ::endgroup::
[2024-06-24T09:54:03.047+0000] {http.py:169} INFO - Calling HTTP method
[2024-06-24T09:54:03.059+0000] {base.py:84} INFO - Using connection ID 'weather_conn' for task execution.
[2024-06-24T09:54:03.071+0000] {base.py:84} INFO - Using connection ID 'weather_conn' for task execution.
[2024-06-24T09:54:03.397+0000] {http.py:208} INFO - {"coord":{"lon":24.0232,"lat":49.8383},"weather":[{"id":802,"main":"Clouds","description":"scattered clouds","icon":"03d"}],"base":"stations","main":{"temp":293.9,"feels_like":293.49,"temp_min":293.9,"temp_max":293.9,"pressure":1017,"humidity":56,"sea_level":1017,"grnd_level":981},"visibility":10000,"wind":{"speed":4.39,"deg":307,"gust":5.72},"clouds":{"all":41},"dt":1719222717,"sys":{"country":"UA","sunrise":1719195378,"sunset":1719254180},"timezone":10800,"id":702550,"name":"Lviv","cod":200}
[2024-06-24T09:54:03.400+0000] {taskinstance.py:441} INFO - ::group::Post task execution logs
[2024-06-24T09:54:03.428+0000] {taskinstance.py:1206} INFO - Marking task as SUCCESS. dag_id=weather_dag, task_id=processing_tasks.extract_data_kyiv, run_id=scheduled__2024-06-22T00:00:00+00:00, execution_date=20240622T000000, start_date=20240624T095402, end_date=20240624T095403
[2024-06-24T09:54:03.492+0000] {local_task_job_runner.py:240} INFO - Task exited with return code 0
[2024-06-24T09:54:03.506+0000] {warnings.py:112} WARNING - /home/***/.local/lib/python3.12/site-packages/***/models/baseoperator.py:1297: AirflowProviderDeprecationWarning: Call to deprecated class PostgresOperator. (Please use `***.providers.common.sql.operators.sql.SQLExecuteQueryOperator`.Also, you can provide `hook_params={'schema': <database>}`.)
  result = cls.__new__(cls)

[2024-06-24T09:54:03.506+0000] {warnings.py:112} WARNING - /home/***/.local/lib/python3.12/site-packages/***/models/baseoperator.py:1297: AirflowProviderDeprecationWarning: Call to deprecated class SimpleHttpOperator. (Class `SimpleHttpOperator` is deprecated and will be removed in a future release. Please use `HttpOperator` instead.)
  result = cls.__new__(cls)

[2024-06-24T09:54:03.531+0000] {taskinstance.py:3503} INFO - 1 downstream tasks scheduled from follow-on schedule check
[2024-06-24T09:54:03.534+0000] {local_task_job_runner.py:222} INFO - ::endgroup::
