[2024-06-24T11:34:53.023+0000] {local_task_job_runner.py:120} INFO - ::group::Pre task execution logs
[2024-06-24T11:34:53.051+0000] {taskinstance.py:2076} INFO - Dependencies all met for dep_context=non-requeueable deps ti=<TaskInstance: weather_dag.processing_tasks.extract_data_kyiv scheduled__2024-06-22T00:00:00+00:00 [queued]>
[2024-06-24T11:34:53.065+0000] {taskinstance.py:2076} INFO - Dependencies all met for dep_context=requeueable deps ti=<TaskInstance: weather_dag.processing_tasks.extract_data_kyiv scheduled__2024-06-22T00:00:00+00:00 [queued]>
[2024-06-24T11:34:53.066+0000] {taskinstance.py:2306} INFO - Starting attempt 13 of 13
[2024-06-24T11:34:53.090+0000] {taskinstance.py:2330} INFO - Executing <Task(SimpleHttpOperator): processing_tasks.extract_data_kyiv> on 2024-06-22 00:00:00+00:00
[2024-06-24T11:34:53.099+0000] {warnings.py:112} WARNING - /home/***/.local/lib/python3.12/site-packages/***/task/task_runner/standard_task_runner.py:61: DeprecationWarning: This process (pid=1545) is multi-threaded, use of fork() may lead to deadlocks in the child.
  pid = os.fork()

[2024-06-24T11:34:53.101+0000] {standard_task_runner.py:63} INFO - Started process 1550 to run task
[2024-06-24T11:34:53.102+0000] {standard_task_runner.py:90} INFO - Running: ['***', 'tasks', 'run', 'weather_dag', 'processing_tasks.extract_data_kyiv', 'scheduled__2024-06-22T00:00:00+00:00', '--job-id', '138', '--raw', '--subdir', 'DAGS_FOLDER/weather_dag.py', '--cfg-path', '/tmp/tmpqyyd73xq']
[2024-06-24T11:34:53.106+0000] {standard_task_runner.py:91} INFO - Job 138: Subtask processing_tasks.extract_data_kyiv
[2024-06-24T11:34:53.194+0000] {task_command.py:426} INFO - Running <TaskInstance: weather_dag.processing_tasks.extract_data_kyiv scheduled__2024-06-22T00:00:00+00:00 [running]> on host afc8096e8b86
[2024-06-24T11:34:53.358+0000] {taskinstance.py:2648} INFO - Exporting env vars: AIRFLOW_CTX_DAG_OWNER='***' AIRFLOW_CTX_DAG_ID='weather_dag' AIRFLOW_CTX_TASK_ID='processing_tasks.extract_data_kyiv' AIRFLOW_CTX_EXECUTION_DATE='2024-06-22T00:00:00+00:00' AIRFLOW_CTX_TRY_NUMBER='13' AIRFLOW_CTX_DAG_RUN_ID='scheduled__2024-06-22T00:00:00+00:00'
[2024-06-24T11:34:53.362+0000] {taskinstance.py:430} INFO - ::endgroup::
[2024-06-24T11:34:53.362+0000] {http.py:169} INFO - Calling HTTP method
[2024-06-24T11:34:53.376+0000] {base.py:84} INFO - Using connection ID 'weather_conn' for task execution.
[2024-06-24T11:34:53.389+0000] {base.py:84} INFO - Using connection ID 'weather_conn' for task execution.
[2024-06-24T11:34:53.859+0000] {http.py:208} INFO - {"lat":50.4501,"lon":30.5234,"timezone":"Europe/Kiev","timezone_offset":10800,"data":[{"dt":1719014400,"sunrise":1719020791,"sunset":1719079998,"temp":289.55,"feels_like":289.28,"pressure":1014,"humidity":78,"dew_point":285.71,"uvi":0,"clouds":81,"visibility":10000,"wind_speed":1.56,"wind_deg":306,"wind_gust":1.75,"weather":[{"id":803,"main":"Clouds","description":"broken clouds","icon":"04n"}]}]}
[2024-06-24T11:34:53.861+0000] {taskinstance.py:441} INFO - ::group::Post task execution logs
[2024-06-24T11:34:53.895+0000] {taskinstance.py:1206} INFO - Marking task as SUCCESS. dag_id=weather_dag, task_id=processing_tasks.extract_data_kyiv, run_id=scheduled__2024-06-22T00:00:00+00:00, execution_date=20240622T000000, start_date=20240624T113453, end_date=20240624T113453
[2024-06-24T11:34:53.959+0000] {local_task_job_runner.py:240} INFO - Task exited with return code 0
[2024-06-24T11:34:53.975+0000] {local_task_job_runner.py:222} INFO - ::endgroup::
