[2024-06-24T11:34:50.348+0000] {local_task_job_runner.py:120} INFO - ::group::Pre task execution logs
[2024-06-24T11:34:50.370+0000] {taskinstance.py:2076} INFO - Dependencies all met for dep_context=non-requeueable deps ti=<TaskInstance: weather_dag.processing_tasks.extract_data_lviv scheduled__2024-06-22T00:00:00+00:00 [queued]>
[2024-06-24T11:34:50.380+0000] {taskinstance.py:2076} INFO - Dependencies all met for dep_context=requeueable deps ti=<TaskInstance: weather_dag.processing_tasks.extract_data_lviv scheduled__2024-06-22T00:00:00+00:00 [queued]>
[2024-06-24T11:34:50.380+0000] {taskinstance.py:2306} INFO - Starting attempt 14 of 14
[2024-06-24T11:34:50.396+0000] {taskinstance.py:2330} INFO - Executing <Task(SimpleHttpOperator): processing_tasks.extract_data_lviv> on 2024-06-22 00:00:00+00:00
[2024-06-24T11:34:50.404+0000] {warnings.py:112} WARNING - /home/***/.local/lib/python3.12/site-packages/***/task/task_runner/standard_task_runner.py:61: DeprecationWarning: This process (pid=1541) is multi-threaded, use of fork() may lead to deadlocks in the child.
  pid = os.fork()

[2024-06-24T11:34:50.406+0000] {standard_task_runner.py:63} INFO - Started process 1543 to run task
[2024-06-24T11:34:50.407+0000] {standard_task_runner.py:90} INFO - Running: ['***', 'tasks', 'run', 'weather_dag', 'processing_tasks.extract_data_lviv', 'scheduled__2024-06-22T00:00:00+00:00', '--job-id', '137', '--raw', '--subdir', 'DAGS_FOLDER/weather_dag.py', '--cfg-path', '/tmp/tmpu0kgnvp8']
[2024-06-24T11:34:50.410+0000] {standard_task_runner.py:91} INFO - Job 137: Subtask processing_tasks.extract_data_lviv
[2024-06-24T11:34:50.467+0000] {task_command.py:426} INFO - Running <TaskInstance: weather_dag.processing_tasks.extract_data_lviv scheduled__2024-06-22T00:00:00+00:00 [running]> on host afc8096e8b86
[2024-06-24T11:34:50.592+0000] {taskinstance.py:2648} INFO - Exporting env vars: AIRFLOW_CTX_DAG_OWNER='***' AIRFLOW_CTX_DAG_ID='weather_dag' AIRFLOW_CTX_TASK_ID='processing_tasks.extract_data_lviv' AIRFLOW_CTX_EXECUTION_DATE='2024-06-22T00:00:00+00:00' AIRFLOW_CTX_TRY_NUMBER='14' AIRFLOW_CTX_DAG_RUN_ID='scheduled__2024-06-22T00:00:00+00:00'
[2024-06-24T11:34:50.594+0000] {taskinstance.py:430} INFO - ::endgroup::
[2024-06-24T11:34:50.594+0000] {http.py:169} INFO - Calling HTTP method
[2024-06-24T11:34:50.608+0000] {base.py:84} INFO - Using connection ID 'weather_conn' for task execution.
[2024-06-24T11:34:50.616+0000] {base.py:84} INFO - Using connection ID 'weather_conn' for task execution.
[2024-06-24T11:34:50.952+0000] {http.py:208} INFO - {"lat":49.8383,"lon":24.023,"timezone":"Europe/Kiev","timezone_offset":10800,"data":[{"dt":1719014400,"sunrise":1719022542,"sunset":1719081369,"temp":290.69,"feels_like":290.38,"pressure":1014,"humidity":72,"dew_point":285.59,"uvi":0,"clouds":100,"visibility":10000,"wind_speed":2.28,"wind_deg":133,"wind_gust":2.27,"weather":[{"id":804,"main":"Clouds","description":"overcast clouds","icon":"04n"}]}]}
[2024-06-24T11:34:50.955+0000] {taskinstance.py:441} INFO - ::group::Post task execution logs
[2024-06-24T11:34:50.984+0000] {taskinstance.py:1206} INFO - Marking task as SUCCESS. dag_id=weather_dag, task_id=processing_tasks.extract_data_lviv, run_id=scheduled__2024-06-22T00:00:00+00:00, execution_date=20240622T000000, start_date=20240624T113450, end_date=20240624T113450
[2024-06-24T11:34:51.023+0000] {local_task_job_runner.py:240} INFO - Task exited with return code 0
[2024-06-24T11:34:51.040+0000] {warnings.py:112} WARNING - /home/***/.local/lib/python3.12/site-packages/***/models/baseoperator.py:1297: AirflowProviderDeprecationWarning: Call to deprecated class PostgresOperator. (Please use `***.providers.common.sql.operators.sql.SQLExecuteQueryOperator`.Also, you can provide `hook_params={'schema': <database>}`.)
  result = cls.__new__(cls)

[2024-06-24T11:34:51.041+0000] {warnings.py:112} WARNING - /home/***/.local/lib/python3.12/site-packages/***/models/baseoperator.py:1297: AirflowProviderDeprecationWarning: Call to deprecated class SimpleHttpOperator. (Class `SimpleHttpOperator` is deprecated and will be removed in a future release. Please use `HttpOperator` instead.)
  result = cls.__new__(cls)

[2024-06-24T11:34:51.072+0000] {taskinstance.py:3503} INFO - 1 downstream tasks scheduled from follow-on schedule check
[2024-06-24T11:34:51.075+0000] {local_task_job_runner.py:222} INFO - ::endgroup::
