[2024-06-24T10:12:21.936+0000] {local_task_job_runner.py:120} INFO - ::group::Pre task execution logs
[2024-06-24T10:12:21.958+0000] {taskinstance.py:2076} INFO - Dependencies all met for dep_context=non-requeueable deps ti=<TaskInstance: weather_dag.processing_tasks.extract_data_lviv scheduled__2024-06-22T00:00:00+00:00 [queued]>
[2024-06-24T10:12:21.968+0000] {taskinstance.py:2076} INFO - Dependencies all met for dep_context=requeueable deps ti=<TaskInstance: weather_dag.processing_tasks.extract_data_lviv scheduled__2024-06-22T00:00:00+00:00 [queued]>
[2024-06-24T10:12:21.969+0000] {taskinstance.py:2306} INFO - Starting attempt 5 of 5
[2024-06-24T10:12:21.986+0000] {taskinstance.py:2330} INFO - Executing <Task(SimpleHttpOperator): processing_tasks.extract_data_lviv> on 2024-06-22 00:00:00+00:00
[2024-06-24T10:12:21.994+0000] {warnings.py:112} WARNING - /home/***/.local/lib/python3.12/site-packages/***/task/task_runner/standard_task_runner.py:61: DeprecationWarning: This process (pid=99) is multi-threaded, use of fork() may lead to deadlocks in the child.
  pid = os.fork()

[2024-06-24T10:12:21.996+0000] {standard_task_runner.py:63} INFO - Started process 104 to run task
[2024-06-24T10:12:21.997+0000] {standard_task_runner.py:90} INFO - Running: ['***', 'tasks', 'run', 'weather_dag', 'processing_tasks.extract_data_lviv', 'scheduled__2024-06-22T00:00:00+00:00', '--job-id', '46', '--raw', '--subdir', 'DAGS_FOLDER/weather_dag.py', '--cfg-path', '/tmp/tmptk_h6rof']
[2024-06-24T10:12:21.999+0000] {standard_task_runner.py:91} INFO - Job 46: Subtask processing_tasks.extract_data_lviv
[2024-06-24T10:12:22.052+0000] {task_command.py:426} INFO - Running <TaskInstance: weather_dag.processing_tasks.extract_data_lviv scheduled__2024-06-22T00:00:00+00:00 [running]> on host afc8096e8b86
[2024-06-24T10:12:22.159+0000] {taskinstance.py:2648} INFO - Exporting env vars: AIRFLOW_CTX_DAG_OWNER='***' AIRFLOW_CTX_DAG_ID='weather_dag' AIRFLOW_CTX_TASK_ID='processing_tasks.extract_data_lviv' AIRFLOW_CTX_EXECUTION_DATE='2024-06-22T00:00:00+00:00' AIRFLOW_CTX_TRY_NUMBER='5' AIRFLOW_CTX_DAG_RUN_ID='scheduled__2024-06-22T00:00:00+00:00'
[2024-06-24T10:12:22.162+0000] {taskinstance.py:430} INFO - ::endgroup::
[2024-06-24T10:12:22.163+0000] {http.py:169} INFO - Calling HTTP method
[2024-06-24T10:12:22.171+0000] {base.py:84} INFO - Using connection ID 'weather_conn' for task execution.
[2024-06-24T10:12:22.179+0000] {base.py:84} INFO - Using connection ID 'weather_conn' for task execution.
[2024-06-24T10:12:22.576+0000] {http.py:208} INFO - {"coord":{"lon":24.0232,"lat":49.8383},"weather":[{"id":802,"main":"Clouds","description":"scattered clouds","icon":"03d"}],"base":"stations","main":{"temp":293.9,"feels_like":293.49,"temp_min":293.9,"temp_max":293.9,"pressure":1017,"humidity":56,"sea_level":1017,"grnd_level":981},"visibility":10000,"wind":{"speed":4.39,"deg":307,"gust":5.72},"clouds":{"all":41},"dt":1719223721,"sys":{"country":"UA","sunrise":1719195378,"sunset":1719254180},"timezone":10800,"id":702550,"name":"Lviv","cod":200}
[2024-06-24T10:12:22.579+0000] {taskinstance.py:441} INFO - ::group::Post task execution logs
[2024-06-24T10:12:22.606+0000] {taskinstance.py:1206} INFO - Marking task as SUCCESS. dag_id=weather_dag, task_id=processing_tasks.extract_data_lviv, run_id=scheduled__2024-06-22T00:00:00+00:00, execution_date=20240622T000000, start_date=20240624T101221, end_date=20240624T101222
[2024-06-24T10:12:22.652+0000] {local_task_job_runner.py:240} INFO - Task exited with return code 0
[2024-06-24T10:12:22.663+0000] {local_task_job_runner.py:222} INFO - ::endgroup::
