[2024-06-24T09:44:02.815+0000] {local_task_job_runner.py:120} INFO - ::group::Pre task execution logs
[2024-06-24T09:44:02.847+0000] {taskinstance.py:2076} INFO - Dependencies all met for dep_context=non-requeueable deps ti=<TaskInstance: weather_dag.processing_tasks.process_data_kyiv scheduled__2024-06-22T00:00:00+00:00 [queued]>
[2024-06-24T09:44:02.863+0000] {taskinstance.py:2076} INFO - Dependencies all met for dep_context=requeueable deps ti=<TaskInstance: weather_dag.processing_tasks.process_data_kyiv scheduled__2024-06-22T00:00:00+00:00 [queued]>
[2024-06-24T09:44:02.864+0000] {taskinstance.py:2306} INFO - Starting attempt 2 of 2
[2024-06-24T09:44:02.892+0000] {taskinstance.py:2330} INFO - Executing <Task(PythonOperator): processing_tasks.process_data_kyiv> on 2024-06-22 00:00:00+00:00
[2024-06-24T09:44:02.903+0000] {warnings.py:112} WARNING - /home/***/.local/lib/python3.12/site-packages/***/task/task_runner/standard_task_runner.py:61: DeprecationWarning: This process (pid=217) is multi-threaded, use of fork() may lead to deadlocks in the child.
  pid = os.fork()

[2024-06-24T09:44:02.906+0000] {standard_task_runner.py:63} INFO - Started process 222 to run task
[2024-06-24T09:44:02.909+0000] {standard_task_runner.py:90} INFO - Running: ['***', 'tasks', 'run', 'weather_dag', 'processing_tasks.process_data_kyiv', 'scheduled__2024-06-22T00:00:00+00:00', '--job-id', '23', '--raw', '--subdir', 'DAGS_FOLDER/weather_dag.py', '--cfg-path', '/tmp/tmp15f8ezmc']
[2024-06-24T09:44:02.915+0000] {standard_task_runner.py:91} INFO - Job 23: Subtask processing_tasks.process_data_kyiv
[2024-06-24T09:44:03.004+0000] {task_command.py:426} INFO - Running <TaskInstance: weather_dag.processing_tasks.process_data_kyiv scheduled__2024-06-22T00:00:00+00:00 [running]> on host be890d2c7850
[2024-06-24T09:44:03.181+0000] {taskinstance.py:2648} INFO - Exporting env vars: AIRFLOW_CTX_DAG_OWNER='***' AIRFLOW_CTX_DAG_ID='weather_dag' AIRFLOW_CTX_TASK_ID='processing_tasks.process_data_kyiv' AIRFLOW_CTX_EXECUTION_DATE='2024-06-22T00:00:00+00:00' AIRFLOW_CTX_TRY_NUMBER='2' AIRFLOW_CTX_DAG_RUN_ID='scheduled__2024-06-22T00:00:00+00:00'
[2024-06-24T09:44:03.185+0000] {taskinstance.py:430} INFO - ::endgroup::
[2024-06-24T09:44:03.205+0000] {python.py:237} INFO - Done. Returned value was: (1719222170, 293.9)
[2024-06-24T09:44:03.207+0000] {taskinstance.py:441} INFO - ::group::Post task execution logs
[2024-06-24T09:44:03.247+0000] {taskinstance.py:1206} INFO - Marking task as SUCCESS. dag_id=weather_dag, task_id=processing_tasks.process_data_kyiv, run_id=scheduled__2024-06-22T00:00:00+00:00, execution_date=20240622T000000, start_date=20240624T094402, end_date=20240624T094403
[2024-06-24T09:44:03.324+0000] {local_task_job_runner.py:240} INFO - Task exited with return code 0
[2024-06-24T09:44:03.341+0000] {warnings.py:112} WARNING - /home/***/.local/lib/python3.12/site-packages/***/models/baseoperator.py:1297: AirflowProviderDeprecationWarning: Call to deprecated class PostgresOperator. (Please use `***.providers.common.sql.operators.sql.SQLExecuteQueryOperator`.Also, you can provide `hook_params={'schema': <database>}`.)
  result = cls.__new__(cls)

[2024-06-24T09:44:03.362+0000] {taskinstance.py:3503} INFO - 1 downstream tasks scheduled from follow-on schedule check
[2024-06-24T09:44:03.365+0000] {local_task_job_runner.py:222} INFO - ::endgroup::
