[2024-06-24T11:40:35.635+0000] {local_task_job_runner.py:120} INFO - ::group::Pre task execution logs
[2024-06-24T11:40:35.671+0000] {taskinstance.py:2076} INFO - Dependencies all met for dep_context=non-requeueable deps ti=<TaskInstance: weather_dag.processing_tasks.extract_data_odesa scheduled__2024-06-23T00:00:00+00:00 [queued]>
[2024-06-24T11:40:35.692+0000] {taskinstance.py:2076} INFO - Dependencies all met for dep_context=requeueable deps ti=<TaskInstance: weather_dag.processing_tasks.extract_data_odesa scheduled__2024-06-23T00:00:00+00:00 [queued]>
[2024-06-24T11:40:35.692+0000] {taskinstance.py:2306} INFO - Starting attempt 2 of 2
[2024-06-24T11:40:35.726+0000] {taskinstance.py:2330} INFO - Executing <Task(SimpleHttpOperator): processing_tasks.extract_data_odesa> on 2024-06-23 00:00:00+00:00
[2024-06-24T11:40:35.738+0000] {warnings.py:112} WARNING - /home/***/.local/lib/python3.12/site-packages/***/task/task_runner/standard_task_runner.py:61: DeprecationWarning: This process (pid=1722) is multi-threaded, use of fork() may lead to deadlocks in the child.
  pid = os.fork()

[2024-06-24T11:40:35.741+0000] {standard_task_runner.py:63} INFO - Started process 1747 to run task
[2024-06-24T11:40:35.742+0000] {standard_task_runner.py:90} INFO - Running: ['***', 'tasks', 'run', 'weather_dag', 'processing_tasks.extract_data_odesa', 'scheduled__2024-06-23T00:00:00+00:00', '--job-id', '178', '--raw', '--subdir', 'DAGS_FOLDER/weather_dag.py', '--cfg-path', '/tmp/tmpm7bij0yr']
[2024-06-24T11:40:35.747+0000] {standard_task_runner.py:91} INFO - Job 178: Subtask processing_tasks.extract_data_odesa
[2024-06-24T11:40:35.838+0000] {task_command.py:426} INFO - Running <TaskInstance: weather_dag.processing_tasks.extract_data_odesa scheduled__2024-06-23T00:00:00+00:00 [running]> on host afc8096e8b86
[2024-06-24T11:40:36.056+0000] {taskinstance.py:2648} INFO - Exporting env vars: AIRFLOW_CTX_DAG_OWNER='***' AIRFLOW_CTX_DAG_ID='weather_dag' AIRFLOW_CTX_TASK_ID='processing_tasks.extract_data_odesa' AIRFLOW_CTX_EXECUTION_DATE='2024-06-23T00:00:00+00:00' AIRFLOW_CTX_TRY_NUMBER='2' AIRFLOW_CTX_DAG_RUN_ID='scheduled__2024-06-23T00:00:00+00:00'
[2024-06-24T11:40:36.059+0000] {taskinstance.py:430} INFO - ::endgroup::
[2024-06-24T11:40:36.060+0000] {http.py:169} INFO - Calling HTTP method
[2024-06-24T11:40:36.075+0000] {base.py:84} INFO - Using connection ID 'weather_conn' for task execution.
[2024-06-24T11:40:36.089+0000] {base.py:84} INFO - Using connection ID 'weather_conn' for task execution.
[2024-06-24T11:40:36.493+0000] {http.py:208} INFO - {"lat":46.483,"lon":30.7125,"timezone":"Europe/Kiev","timezone_offset":10800,"data":[{"dt":1719100800,"sunrise":1719108290,"sunset":1719165233,"temp":294.68,"feels_like":294.4,"pressure":1012,"humidity":58,"dew_point":286.08,"uvi":0,"clouds":1,"visibility":10000,"wind_speed":2.18,"wind_deg":248,"wind_gust":2.52,"weather":[{"id":800,"main":"Clear","description":"clear sky","icon":"01n"}]}]}
[2024-06-24T11:40:36.497+0000] {taskinstance.py:441} INFO - ::group::Post task execution logs
[2024-06-24T11:40:36.543+0000] {taskinstance.py:1206} INFO - Marking task as SUCCESS. dag_id=weather_dag, task_id=processing_tasks.extract_data_odesa, run_id=scheduled__2024-06-23T00:00:00+00:00, execution_date=20240623T000000, start_date=20240624T114035, end_date=20240624T114036
[2024-06-24T11:40:36.600+0000] {local_task_job_runner.py:240} INFO - Task exited with return code 0
[2024-06-24T11:40:36.617+0000] {warnings.py:112} WARNING - /home/***/.local/lib/python3.12/site-packages/***/models/baseoperator.py:1297: AirflowProviderDeprecationWarning: Call to deprecated class PostgresOperator. (Please use `***.providers.common.sql.operators.sql.SQLExecuteQueryOperator`.Also, you can provide `hook_params={'schema': <database>}`.)
  result = cls.__new__(cls)

[2024-06-24T11:40:36.619+0000] {warnings.py:112} WARNING - /home/***/.local/lib/python3.12/site-packages/***/models/baseoperator.py:1297: AirflowProviderDeprecationWarning: Call to deprecated class SimpleHttpOperator. (Class `SimpleHttpOperator` is deprecated and will be removed in a future release. Please use `HttpOperator` instead.)
  result = cls.__new__(cls)

[2024-06-24T11:40:36.655+0000] {taskinstance.py:3503} INFO - 1 downstream tasks scheduled from follow-on schedule check
[2024-06-24T11:40:36.660+0000] {local_task_job_runner.py:222} INFO - ::endgroup::
