[2024-06-24T11:40:35.232+0000] {local_task_job_runner.py:120} INFO - ::group::Pre task execution logs
[2024-06-24T11:40:35.263+0000] {taskinstance.py:2076} INFO - Dependencies all met for dep_context=non-requeueable deps ti=<TaskInstance: weather_dag.processing_tasks.extract_data_kharkiv scheduled__2024-06-23T00:00:00+00:00 [queued]>
[2024-06-24T11:40:35.279+0000] {taskinstance.py:2076} INFO - Dependencies all met for dep_context=requeueable deps ti=<TaskInstance: weather_dag.processing_tasks.extract_data_kharkiv scheduled__2024-06-23T00:00:00+00:00 [queued]>
[2024-06-24T11:40:35.280+0000] {taskinstance.py:2306} INFO - Starting attempt 1 of 1
[2024-06-24T11:40:35.302+0000] {taskinstance.py:2330} INFO - Executing <Task(SimpleHttpOperator): processing_tasks.extract_data_kharkiv> on 2024-06-23 00:00:00+00:00
[2024-06-24T11:40:35.313+0000] {warnings.py:112} WARNING - /home/***/.local/lib/python3.12/site-packages/***/task/task_runner/standard_task_runner.py:61: DeprecationWarning: This process (pid=1719) is multi-threaded, use of fork() may lead to deadlocks in the child.
  pid = os.fork()

[2024-06-24T11:40:35.315+0000] {standard_task_runner.py:63} INFO - Started process 1739 to run task
[2024-06-24T11:40:35.316+0000] {standard_task_runner.py:90} INFO - Running: ['***', 'tasks', 'run', 'weather_dag', 'processing_tasks.extract_data_kharkiv', 'scheduled__2024-06-23T00:00:00+00:00', '--job-id', '175', '--raw', '--subdir', 'DAGS_FOLDER/weather_dag.py', '--cfg-path', '/tmp/tmp9l4o_zf5']
[2024-06-24T11:40:35.320+0000] {standard_task_runner.py:91} INFO - Job 175: Subtask processing_tasks.extract_data_kharkiv
[2024-06-24T11:40:35.401+0000] {task_command.py:426} INFO - Running <TaskInstance: weather_dag.processing_tasks.extract_data_kharkiv scheduled__2024-06-23T00:00:00+00:00 [running]> on host afc8096e8b86
[2024-06-24T11:40:35.643+0000] {taskinstance.py:2648} INFO - Exporting env vars: AIRFLOW_CTX_DAG_OWNER='***' AIRFLOW_CTX_DAG_ID='weather_dag' AIRFLOW_CTX_TASK_ID='processing_tasks.extract_data_kharkiv' AIRFLOW_CTX_EXECUTION_DATE='2024-06-23T00:00:00+00:00' AIRFLOW_CTX_TRY_NUMBER='1' AIRFLOW_CTX_DAG_RUN_ID='scheduled__2024-06-23T00:00:00+00:00'
[2024-06-24T11:40:35.647+0000] {taskinstance.py:430} INFO - ::endgroup::
[2024-06-24T11:40:35.648+0000] {http.py:169} INFO - Calling HTTP method
[2024-06-24T11:40:35.665+0000] {base.py:84} INFO - Using connection ID 'weather_conn' for task execution.
[2024-06-24T11:40:35.681+0000] {base.py:84} INFO - Using connection ID 'weather_conn' for task execution.
[2024-06-24T11:40:36.004+0000] {http.py:208} INFO - {"lat":49.9884,"lon":36.2328,"timezone":"Europe/Kiev","timezone_offset":10800,"data":[{"dt":1719100800,"sunrise":1719105982,"sunset":1719164891,"temp":290.82,"feels_like":290.63,"pressure":1011,"humidity":76,"dew_point":286.54,"uvi":0,"clouds":9,"visibility":10000,"wind_speed":0.45,"wind_deg":228,"wind_gust":0.44,"weather":[{"id":800,"main":"Clear","description":"clear sky","icon":"01n"}]}]}
[2024-06-24T11:40:36.008+0000] {taskinstance.py:441} INFO - ::group::Post task execution logs
[2024-06-24T11:40:36.050+0000] {taskinstance.py:1206} INFO - Marking task as SUCCESS. dag_id=weather_dag, task_id=processing_tasks.extract_data_kharkiv, run_id=scheduled__2024-06-23T00:00:00+00:00, execution_date=20240623T000000, start_date=20240624T114035, end_date=20240624T114036
[2024-06-24T11:40:36.096+0000] {local_task_job_runner.py:240} INFO - Task exited with return code 0
[2024-06-24T11:40:36.114+0000] {warnings.py:112} WARNING - /home/***/.local/lib/python3.12/site-packages/***/models/baseoperator.py:1297: AirflowProviderDeprecationWarning: Call to deprecated class PostgresOperator. (Please use `***.providers.common.sql.operators.sql.SQLExecuteQueryOperator`.Also, you can provide `hook_params={'schema': <database>}`.)
  result = cls.__new__(cls)

[2024-06-24T11:40:36.116+0000] {warnings.py:112} WARNING - /home/***/.local/lib/python3.12/site-packages/***/models/baseoperator.py:1297: AirflowProviderDeprecationWarning: Call to deprecated class SimpleHttpOperator. (Class `SimpleHttpOperator` is deprecated and will be removed in a future release. Please use `HttpOperator` instead.)
  result = cls.__new__(cls)

[2024-06-24T11:40:36.150+0000] {taskinstance.py:3503} INFO - 1 downstream tasks scheduled from follow-on schedule check
[2024-06-24T11:40:36.154+0000] {local_task_job_runner.py:222} INFO - ::endgroup::
