[2024-06-24T11:40:27.011+0000] {local_task_job_runner.py:120} INFO - ::group::Pre task execution logs
[2024-06-24T11:40:27.032+0000] {taskinstance.py:2076} INFO - Dependencies all met for dep_context=non-requeueable deps ti=<TaskInstance: weather_dag.get_execution_date_timestamp scheduled__2024-06-22T00:00:00+00:00 [queued]>
[2024-06-24T11:40:27.042+0000] {taskinstance.py:2076} INFO - Dependencies all met for dep_context=requeueable deps ti=<TaskInstance: weather_dag.get_execution_date_timestamp scheduled__2024-06-22T00:00:00+00:00 [queued]>
[2024-06-24T11:40:27.043+0000] {taskinstance.py:2306} INFO - Starting attempt 4 of 4
[2024-06-24T11:40:27.061+0000] {taskinstance.py:2330} INFO - Executing <Task(PythonOperator): get_execution_date_timestamp> on 2024-06-22 00:00:00+00:00
[2024-06-24T11:40:27.070+0000] {warnings.py:112} WARNING - /home/***/.local/lib/python3.12/site-packages/***/task/task_runner/standard_task_runner.py:61: DeprecationWarning: This process (pid=1688) is multi-threaded, use of fork() may lead to deadlocks in the child.
  pid = os.fork()

[2024-06-24T11:40:27.073+0000] {standard_task_runner.py:63} INFO - Started process 1692 to run task
[2024-06-24T11:40:27.072+0000] {standard_task_runner.py:90} INFO - Running: ['***', 'tasks', 'run', 'weather_dag', 'get_execution_date_timestamp', 'scheduled__2024-06-22T00:00:00+00:00', '--job-id', '161', '--raw', '--subdir', 'DAGS_FOLDER/weather_dag.py', '--cfg-path', '/tmp/tmp2i_is0u6']
[2024-06-24T11:40:27.075+0000] {standard_task_runner.py:91} INFO - Job 161: Subtask get_execution_date_timestamp
[2024-06-24T11:40:27.134+0000] {task_command.py:426} INFO - Running <TaskInstance: weather_dag.get_execution_date_timestamp scheduled__2024-06-22T00:00:00+00:00 [running]> on host afc8096e8b86
[2024-06-24T11:40:27.244+0000] {taskinstance.py:2648} INFO - Exporting env vars: AIRFLOW_CTX_DAG_OWNER='***' AIRFLOW_CTX_DAG_ID='weather_dag' AIRFLOW_CTX_TASK_ID='get_execution_date_timestamp' AIRFLOW_CTX_EXECUTION_DATE='2024-06-22T00:00:00+00:00' AIRFLOW_CTX_TRY_NUMBER='4' AIRFLOW_CTX_DAG_RUN_ID='scheduled__2024-06-22T00:00:00+00:00'
[2024-06-24T11:40:27.246+0000] {taskinstance.py:430} INFO - ::endgroup::
[2024-06-24T11:40:27.247+0000] {warnings.py:112} WARNING - /home/***/.local/lib/python3.12/site-packages/***/utils/context.py:320: AirflowContextDeprecationWarning: Accessing 'execution_date' from the template is deprecated and will be removed in a future version. Please use 'data_interval_start' or 'logical_date' instead.
  warnings.warn(_create_deprecation_warning(k, replacements))

[2024-06-24T11:40:27.248+0000] {logging_mixin.py:188} INFO - Execution date timestamp: 1719014400
[2024-06-24T11:40:27.248+0000] {python.py:237} INFO - Done. Returned value was: 1719014400
[2024-06-24T11:40:27.248+0000] {taskinstance.py:441} INFO - ::group::Post task execution logs
[2024-06-24T11:40:27.275+0000] {taskinstance.py:1206} INFO - Marking task as SUCCESS. dag_id=weather_dag, task_id=get_execution_date_timestamp, run_id=scheduled__2024-06-22T00:00:00+00:00, execution_date=20240622T000000, start_date=20240624T114027, end_date=20240624T114027
[2024-06-24T11:40:27.328+0000] {local_task_job_runner.py:240} INFO - Task exited with return code 0
[2024-06-24T11:40:27.341+0000] {warnings.py:112} WARNING - /home/***/.local/lib/python3.12/site-packages/***/models/baseoperator.py:1297: AirflowProviderDeprecationWarning: Call to deprecated class SimpleHttpOperator. (Class `SimpleHttpOperator` is deprecated and will be removed in a future release. Please use `HttpOperator` instead.)
  result = cls.__new__(cls)

[2024-06-24T11:40:27.342+0000] {warnings.py:112} WARNING - /home/***/.local/lib/python3.12/site-packages/***/models/baseoperator.py:1297: AirflowProviderDeprecationWarning: Call to deprecated class PostgresOperator. (Please use `***.providers.common.sql.operators.sql.SQLExecuteQueryOperator`.Also, you can provide `hook_params={'schema': <database>}`.)
  result = cls.__new__(cls)

[2024-06-24T11:40:27.376+0000] {taskinstance.py:3503} INFO - 5 downstream tasks scheduled from follow-on schedule check
[2024-06-24T11:40:27.380+0000] {local_task_job_runner.py:222} INFO - ::endgroup::
