[2024-06-24T11:37:08.095+0000] {local_task_job_runner.py:120} INFO - ::group::Pre task execution logs
[2024-06-24T11:37:08.123+0000] {taskinstance.py:2076} INFO - Dependencies all met for dep_context=non-requeueable deps ti=<TaskInstance: weather_dag.processing_tasks.process_data_lviv scheduled__2024-06-22T00:00:00+00:00 [queued]>
[2024-06-24T11:37:08.135+0000] {taskinstance.py:2076} INFO - Dependencies all met for dep_context=requeueable deps ti=<TaskInstance: weather_dag.processing_tasks.process_data_lviv scheduled__2024-06-22T00:00:00+00:00 [queued]>
[2024-06-24T11:37:08.135+0000] {taskinstance.py:2306} INFO - Starting attempt 11 of 11
[2024-06-24T11:37:08.153+0000] {taskinstance.py:2330} INFO - Executing <Task(PythonOperator): processing_tasks.process_data_lviv> on 2024-06-22 00:00:00+00:00
[2024-06-24T11:37:08.163+0000] {warnings.py:112} WARNING - /home/***/.local/lib/python3.12/site-packages/***/task/task_runner/standard_task_runner.py:61: DeprecationWarning: This process (pid=1617) is multi-threaded, use of fork() may lead to deadlocks in the child.
  pid = os.fork()

[2024-06-24T11:37:08.165+0000] {standard_task_runner.py:63} INFO - Started process 1624 to run task
[2024-06-24T11:37:08.166+0000] {standard_task_runner.py:90} INFO - Running: ['***', 'tasks', 'run', 'weather_dag', 'processing_tasks.process_data_lviv', 'scheduled__2024-06-22T00:00:00+00:00', '--job-id', '153', '--raw', '--subdir', 'DAGS_FOLDER/weather_dag.py', '--cfg-path', '/tmp/tmpzar16tzt']
[2024-06-24T11:37:08.169+0000] {standard_task_runner.py:91} INFO - Job 153: Subtask processing_tasks.process_data_lviv
[2024-06-24T11:37:08.238+0000] {task_command.py:426} INFO - Running <TaskInstance: weather_dag.processing_tasks.process_data_lviv scheduled__2024-06-22T00:00:00+00:00 [running]> on host afc8096e8b86
[2024-06-24T11:37:08.353+0000] {taskinstance.py:2648} INFO - Exporting env vars: AIRFLOW_CTX_DAG_OWNER='***' AIRFLOW_CTX_DAG_ID='weather_dag' AIRFLOW_CTX_TASK_ID='processing_tasks.process_data_lviv' AIRFLOW_CTX_EXECUTION_DATE='2024-06-22T00:00:00+00:00' AIRFLOW_CTX_TRY_NUMBER='11' AIRFLOW_CTX_DAG_RUN_ID='scheduled__2024-06-22T00:00:00+00:00'
[2024-06-24T11:37:08.356+0000] {taskinstance.py:430} INFO - ::endgroup::
[2024-06-24T11:37:08.372+0000] {python.py:237} INFO - Done. Returned value was: (1719014400, 290.69, 72, 100, 2.28)
[2024-06-24T11:37:08.373+0000] {taskinstance.py:441} INFO - ::group::Post task execution logs
[2024-06-24T11:37:08.402+0000] {taskinstance.py:1206} INFO - Marking task as SUCCESS. dag_id=weather_dag, task_id=processing_tasks.process_data_lviv, run_id=scheduled__2024-06-22T00:00:00+00:00, execution_date=20240622T000000, start_date=20240624T113708, end_date=20240624T113708
[2024-06-24T11:37:08.459+0000] {local_task_job_runner.py:240} INFO - Task exited with return code 0
[2024-06-24T11:37:08.473+0000] {warnings.py:112} WARNING - /home/***/.local/lib/python3.12/site-packages/***/models/baseoperator.py:1297: AirflowProviderDeprecationWarning: Call to deprecated class PostgresOperator. (Please use `***.providers.common.sql.operators.sql.SQLExecuteQueryOperator`.Also, you can provide `hook_params={'schema': <database>}`.)
  result = cls.__new__(cls)

[2024-06-24T11:37:08.494+0000] {taskinstance.py:3503} INFO - 1 downstream tasks scheduled from follow-on schedule check
[2024-06-24T11:37:08.497+0000] {local_task_job_runner.py:222} INFO - ::endgroup::
