[2024-06-24T11:34:53.045+0000] {local_task_job_runner.py:120} INFO - ::group::Pre task execution logs
[2024-06-24T11:34:53.073+0000] {taskinstance.py:2076} INFO - Dependencies all met for dep_context=non-requeueable deps ti=<TaskInstance: weather_dag.processing_tasks.extract_data_odesa scheduled__2024-06-22T00:00:00+00:00 [queued]>
[2024-06-24T11:34:53.087+0000] {taskinstance.py:2076} INFO - Dependencies all met for dep_context=requeueable deps ti=<TaskInstance: weather_dag.processing_tasks.extract_data_odesa scheduled__2024-06-22T00:00:00+00:00 [queued]>
[2024-06-24T11:34:53.087+0000] {taskinstance.py:2306} INFO - Starting attempt 8 of 8
[2024-06-24T11:34:53.109+0000] {taskinstance.py:2330} INFO - Executing <Task(SimpleHttpOperator): processing_tasks.extract_data_odesa> on 2024-06-22 00:00:00+00:00
[2024-06-24T11:34:53.118+0000] {warnings.py:112} WARNING - /home/***/.local/lib/python3.12/site-packages/***/task/task_runner/standard_task_runner.py:61: DeprecationWarning: This process (pid=1544) is multi-threaded, use of fork() may lead to deadlocks in the child.
  pid = os.fork()

[2024-06-24T11:34:53.120+0000] {standard_task_runner.py:63} INFO - Started process 1551 to run task
[2024-06-24T11:34:53.121+0000] {standard_task_runner.py:90} INFO - Running: ['***', 'tasks', 'run', 'weather_dag', 'processing_tasks.extract_data_odesa', 'scheduled__2024-06-22T00:00:00+00:00', '--job-id', '139', '--raw', '--subdir', 'DAGS_FOLDER/weather_dag.py', '--cfg-path', '/tmp/tmptof55hnl']
[2024-06-24T11:34:53.124+0000] {standard_task_runner.py:91} INFO - Job 139: Subtask processing_tasks.extract_data_odesa
[2024-06-24T11:34:53.219+0000] {task_command.py:426} INFO - Running <TaskInstance: weather_dag.processing_tasks.extract_data_odesa scheduled__2024-06-22T00:00:00+00:00 [running]> on host afc8096e8b86
[2024-06-24T11:34:53.384+0000] {taskinstance.py:2648} INFO - Exporting env vars: AIRFLOW_CTX_DAG_OWNER='***' AIRFLOW_CTX_DAG_ID='weather_dag' AIRFLOW_CTX_TASK_ID='processing_tasks.extract_data_odesa' AIRFLOW_CTX_EXECUTION_DATE='2024-06-22T00:00:00+00:00' AIRFLOW_CTX_TRY_NUMBER='8' AIRFLOW_CTX_DAG_RUN_ID='scheduled__2024-06-22T00:00:00+00:00'
[2024-06-24T11:34:53.388+0000] {taskinstance.py:430} INFO - ::endgroup::
[2024-06-24T11:34:53.389+0000] {http.py:169} INFO - Calling HTTP method
[2024-06-24T11:34:53.403+0000] {base.py:84} INFO - Using connection ID 'weather_conn' for task execution.
[2024-06-24T11:34:53.414+0000] {base.py:84} INFO - Using connection ID 'weather_conn' for task execution.
[2024-06-24T11:34:53.908+0000] {http.py:208} INFO - {"lat":46.483,"lon":30.7125,"timezone":"Europe/Kiev","timezone_offset":10800,"data":[{"dt":1719014400,"sunrise":1719021874,"sunset":1719078825,"temp":292.8,"feels_like":292.39,"pressure":1016,"humidity":60,"dew_point":284.83,"uvi":0,"clouds":0,"visibility":10000,"wind_speed":3.05,"wind_deg":293,"wind_gust":3.52,"weather":[{"id":800,"main":"Clear","description":"clear sky","icon":"01n"}]}]}
[2024-06-24T11:34:53.912+0000] {taskinstance.py:441} INFO - ::group::Post task execution logs
[2024-06-24T11:34:53.954+0000] {taskinstance.py:1206} INFO - Marking task as SUCCESS. dag_id=weather_dag, task_id=processing_tasks.extract_data_odesa, run_id=scheduled__2024-06-22T00:00:00+00:00, execution_date=20240622T000000, start_date=20240624T113453, end_date=20240624T113453
[2024-06-24T11:34:54.020+0000] {local_task_job_runner.py:240} INFO - Task exited with return code 0
[2024-06-24T11:34:54.045+0000] {warnings.py:112} WARNING - /home/***/.local/lib/python3.12/site-packages/***/models/baseoperator.py:1297: AirflowProviderDeprecationWarning: Call to deprecated class PostgresOperator. (Please use `***.providers.common.sql.operators.sql.SQLExecuteQueryOperator`.Also, you can provide `hook_params={'schema': <database>}`.)
  result = cls.__new__(cls)

[2024-06-24T11:34:54.048+0000] {warnings.py:112} WARNING - /home/***/.local/lib/python3.12/site-packages/***/models/baseoperator.py:1297: AirflowProviderDeprecationWarning: Call to deprecated class SimpleHttpOperator. (Class `SimpleHttpOperator` is deprecated and will be removed in a future release. Please use `HttpOperator` instead.)
  result = cls.__new__(cls)

[2024-06-24T11:34:54.093+0000] {taskinstance.py:3503} INFO - 1 downstream tasks scheduled from follow-on schedule check
[2024-06-24T11:34:54.097+0000] {local_task_job_runner.py:222} INFO - ::endgroup::
