[2024-06-24T11:40:30.630+0000] {local_task_job_runner.py:120} INFO - ::group::Pre task execution logs
[2024-06-24T11:40:30.661+0000] {taskinstance.py:2076} INFO - Dependencies all met for dep_context=non-requeueable deps ti=<TaskInstance: weather_dag.processing_tasks.extract_data_odesa scheduled__2024-06-22T00:00:00+00:00 [queued]>
[2024-06-24T11:40:30.676+0000] {taskinstance.py:2076} INFO - Dependencies all met for dep_context=requeueable deps ti=<TaskInstance: weather_dag.processing_tasks.extract_data_odesa scheduled__2024-06-22T00:00:00+00:00 [queued]>
[2024-06-24T11:40:30.676+0000] {taskinstance.py:2306} INFO - Starting attempt 11 of 11
[2024-06-24T11:40:30.700+0000] {taskinstance.py:2330} INFO - Executing <Task(SimpleHttpOperator): processing_tasks.extract_data_odesa> on 2024-06-22 00:00:00+00:00
[2024-06-24T11:40:30.710+0000] {warnings.py:112} WARNING - /home/***/.local/lib/python3.12/site-packages/***/task/task_runner/standard_task_runner.py:61: DeprecationWarning: This process (pid=1698) is multi-threaded, use of fork() may lead to deadlocks in the child.
  pid = os.fork()

[2024-06-24T11:40:30.712+0000] {standard_task_runner.py:63} INFO - Started process 1709 to run task
[2024-06-24T11:40:30.713+0000] {standard_task_runner.py:90} INFO - Running: ['***', 'tasks', 'run', 'weather_dag', 'processing_tasks.extract_data_odesa', 'scheduled__2024-06-22T00:00:00+00:00', '--job-id', '165', '--raw', '--subdir', 'DAGS_FOLDER/weather_dag.py', '--cfg-path', '/tmp/tmp3y8fra5r']
[2024-06-24T11:40:30.717+0000] {standard_task_runner.py:91} INFO - Job 165: Subtask processing_tasks.extract_data_odesa
[2024-06-24T11:40:30.800+0000] {task_command.py:426} INFO - Running <TaskInstance: weather_dag.processing_tasks.extract_data_odesa scheduled__2024-06-22T00:00:00+00:00 [running]> on host afc8096e8b86
[2024-06-24T11:40:30.971+0000] {taskinstance.py:2648} INFO - Exporting env vars: AIRFLOW_CTX_DAG_OWNER='***' AIRFLOW_CTX_DAG_ID='weather_dag' AIRFLOW_CTX_TASK_ID='processing_tasks.extract_data_odesa' AIRFLOW_CTX_EXECUTION_DATE='2024-06-22T00:00:00+00:00' AIRFLOW_CTX_TRY_NUMBER='11' AIRFLOW_CTX_DAG_RUN_ID='scheduled__2024-06-22T00:00:00+00:00'
[2024-06-24T11:40:30.975+0000] {taskinstance.py:430} INFO - ::endgroup::
[2024-06-24T11:40:30.976+0000] {http.py:169} INFO - Calling HTTP method
[2024-06-24T11:40:30.988+0000] {base.py:84} INFO - Using connection ID 'weather_conn' for task execution.
[2024-06-24T11:40:30.998+0000] {base.py:84} INFO - Using connection ID 'weather_conn' for task execution.
[2024-06-24T11:40:31.313+0000] {http.py:208} INFO - {"lat":46.483,"lon":30.7125,"timezone":"Europe/Kiev","timezone_offset":10800,"data":[{"dt":1719014400,"sunrise":1719021874,"sunset":1719078825,"temp":292.8,"feels_like":292.39,"pressure":1016,"humidity":60,"dew_point":284.83,"uvi":0,"clouds":0,"visibility":10000,"wind_speed":3.05,"wind_deg":293,"wind_gust":3.52,"weather":[{"id":800,"main":"Clear","description":"clear sky","icon":"01n"}]}]}
[2024-06-24T11:40:31.316+0000] {taskinstance.py:441} INFO - ::group::Post task execution logs
[2024-06-24T11:40:31.347+0000] {taskinstance.py:1206} INFO - Marking task as SUCCESS. dag_id=weather_dag, task_id=processing_tasks.extract_data_odesa, run_id=scheduled__2024-06-22T00:00:00+00:00, execution_date=20240622T000000, start_date=20240624T114030, end_date=20240624T114031
[2024-06-24T11:40:31.409+0000] {local_task_job_runner.py:240} INFO - Task exited with return code 0
[2024-06-24T11:40:31.420+0000] {local_task_job_runner.py:222} INFO - ::endgroup::
