[2024-06-24T11:40:34.887+0000] {local_task_job_runner.py:120} INFO - ::group::Pre task execution logs
[2024-06-24T11:40:34.927+0000] {taskinstance.py:2076} INFO - Dependencies all met for dep_context=non-requeueable deps ti=<TaskInstance: weather_dag.processing_tasks.extract_data_kyiv scheduled__2024-06-23T00:00:00+00:00 [queued]>
[2024-06-24T11:40:34.945+0000] {taskinstance.py:2076} INFO - Dependencies all met for dep_context=requeueable deps ti=<TaskInstance: weather_dag.processing_tasks.extract_data_kyiv scheduled__2024-06-23T00:00:00+00:00 [queued]>
[2024-06-24T11:40:34.946+0000] {taskinstance.py:2306} INFO - Starting attempt 4 of 4
[2024-06-24T11:40:34.972+0000] {taskinstance.py:2330} INFO - Executing <Task(SimpleHttpOperator): processing_tasks.extract_data_kyiv> on 2024-06-23 00:00:00+00:00
[2024-06-24T11:40:34.984+0000] {warnings.py:112} WARNING - /home/***/.local/lib/python3.12/site-packages/***/task/task_runner/standard_task_runner.py:61: DeprecationWarning: This process (pid=1718) is multi-threaded, use of fork() may lead to deadlocks in the child.
  pid = os.fork()

[2024-06-24T11:40:34.986+0000] {standard_task_runner.py:63} INFO - Started process 1738 to run task
[2024-06-24T11:40:34.988+0000] {standard_task_runner.py:90} INFO - Running: ['***', 'tasks', 'run', 'weather_dag', 'processing_tasks.extract_data_kyiv', 'scheduled__2024-06-23T00:00:00+00:00', '--job-id', '174', '--raw', '--subdir', 'DAGS_FOLDER/weather_dag.py', '--cfg-path', '/tmp/tmppge8nknh']
[2024-06-24T11:40:34.993+0000] {standard_task_runner.py:91} INFO - Job 174: Subtask processing_tasks.extract_data_kyiv
[2024-06-24T11:40:35.077+0000] {task_command.py:426} INFO - Running <TaskInstance: weather_dag.processing_tasks.extract_data_kyiv scheduled__2024-06-23T00:00:00+00:00 [running]> on host afc8096e8b86
[2024-06-24T11:40:35.266+0000] {taskinstance.py:2648} INFO - Exporting env vars: AIRFLOW_CTX_DAG_OWNER='***' AIRFLOW_CTX_DAG_ID='weather_dag' AIRFLOW_CTX_TASK_ID='processing_tasks.extract_data_kyiv' AIRFLOW_CTX_EXECUTION_DATE='2024-06-23T00:00:00+00:00' AIRFLOW_CTX_TRY_NUMBER='4' AIRFLOW_CTX_DAG_RUN_ID='scheduled__2024-06-23T00:00:00+00:00'
[2024-06-24T11:40:35.270+0000] {taskinstance.py:430} INFO - ::endgroup::
[2024-06-24T11:40:35.270+0000] {http.py:169} INFO - Calling HTTP method
[2024-06-24T11:40:35.283+0000] {base.py:84} INFO - Using connection ID 'weather_conn' for task execution.
[2024-06-24T11:40:35.294+0000] {base.py:84} INFO - Using connection ID 'weather_conn' for task execution.
[2024-06-24T11:40:35.685+0000] {http.py:208} INFO - {"lat":50.4501,"lon":30.5234,"timezone":"Europe/Kiev","timezone_offset":10800,"data":[{"dt":1719100800,"sunrise":1719107208,"sunset":1719166405,"temp":293.41,"feels_like":293.55,"pressure":1003,"humidity":79,"dew_point":289.65,"uvi":0,"clouds":5,"visibility":10000,"wind_speed":2.39,"wind_deg":266,"wind_gust":5.79,"weather":[{"id":800,"main":"Clear","description":"clear sky","icon":"01n"}]}]}
[2024-06-24T11:40:35.691+0000] {taskinstance.py:441} INFO - ::group::Post task execution logs
[2024-06-24T11:40:35.735+0000] {taskinstance.py:1206} INFO - Marking task as SUCCESS. dag_id=weather_dag, task_id=processing_tasks.extract_data_kyiv, run_id=scheduled__2024-06-23T00:00:00+00:00, execution_date=20240623T000000, start_date=20240624T114034, end_date=20240624T114035
[2024-06-24T11:40:35.808+0000] {local_task_job_runner.py:240} INFO - Task exited with return code 0
[2024-06-24T11:40:35.829+0000] {warnings.py:112} WARNING - /home/***/.local/lib/python3.12/site-packages/***/models/baseoperator.py:1297: AirflowProviderDeprecationWarning: Call to deprecated class PostgresOperator. (Please use `***.providers.common.sql.operators.sql.SQLExecuteQueryOperator`.Also, you can provide `hook_params={'schema': <database>}`.)
  result = cls.__new__(cls)

[2024-06-24T11:40:35.830+0000] {warnings.py:112} WARNING - /home/***/.local/lib/python3.12/site-packages/***/models/baseoperator.py:1297: AirflowProviderDeprecationWarning: Call to deprecated class SimpleHttpOperator. (Class `SimpleHttpOperator` is deprecated and will be removed in a future release. Please use `HttpOperator` instead.)
  result = cls.__new__(cls)

[2024-06-24T11:40:35.871+0000] {taskinstance.py:3503} INFO - 1 downstream tasks scheduled from follow-on schedule check
[2024-06-24T11:40:35.874+0000] {local_task_job_runner.py:222} INFO - ::endgroup::
