[2024-06-24T10:12:19.716+0000] {local_task_job_runner.py:120} INFO - ::group::Pre task execution logs
[2024-06-24T10:12:19.742+0000] {taskinstance.py:2076} INFO - Dependencies all met for dep_context=non-requeueable deps ti=<TaskInstance: weather_dag.create_table_if_not_exists scheduled__2024-06-22T00:00:00+00:00 [queued]>
[2024-06-24T10:12:19.754+0000] {taskinstance.py:2076} INFO - Dependencies all met for dep_context=requeueable deps ti=<TaskInstance: weather_dag.create_table_if_not_exists scheduled__2024-06-22T00:00:00+00:00 [queued]>
[2024-06-24T10:12:19.755+0000] {taskinstance.py:2306} INFO - Starting attempt 4 of 4
[2024-06-24T10:12:19.773+0000] {taskinstance.py:2330} INFO - Executing <Task(PostgresOperator): create_table_if_not_exists> on 2024-06-22 00:00:00+00:00
[2024-06-24T10:12:19.782+0000] {warnings.py:112} WARNING - /home/***/.local/lib/python3.12/site-packages/***/task/task_runner/standard_task_runner.py:61: DeprecationWarning: This process (pid=96) is multi-threaded, use of fork() may lead to deadlocks in the child.
  pid = os.fork()

[2024-06-24T10:12:19.784+0000] {standard_task_runner.py:63} INFO - Started process 98 to run task
[2024-06-24T10:12:19.784+0000] {standard_task_runner.py:90} INFO - Running: ['***', 'tasks', 'run', 'weather_dag', 'create_table_if_not_exists', 'scheduled__2024-06-22T00:00:00+00:00', '--job-id', '44', '--raw', '--subdir', 'DAGS_FOLDER/weather_dag.py', '--cfg-path', '/tmp/tmph8e8jr3u']
[2024-06-24T10:12:19.787+0000] {standard_task_runner.py:91} INFO - Job 44: Subtask create_table_if_not_exists
[2024-06-24T10:12:19.843+0000] {task_command.py:426} INFO - Running <TaskInstance: weather_dag.create_table_if_not_exists scheduled__2024-06-22T00:00:00+00:00 [running]> on host afc8096e8b86
[2024-06-24T10:12:19.942+0000] {taskinstance.py:2648} INFO - Exporting env vars: AIRFLOW_CTX_DAG_OWNER='***' AIRFLOW_CTX_DAG_ID='weather_dag' AIRFLOW_CTX_TASK_ID='create_table_if_not_exists' AIRFLOW_CTX_EXECUTION_DATE='2024-06-22T00:00:00+00:00' AIRFLOW_CTX_TRY_NUMBER='4' AIRFLOW_CTX_DAG_RUN_ID='scheduled__2024-06-22T00:00:00+00:00'
[2024-06-24T10:12:19.946+0000] {taskinstance.py:430} INFO - ::endgroup::
[2024-06-24T10:12:19.946+0000] {sql.py:276} INFO - Executing: CREATE TABLE IF NOT EXISTS public.measures
			(
    			timestamp timestamp,
    			temp      float4,
    			city      varchar
		 );
[2024-06-24T10:12:19.958+0000] {base.py:84} INFO - Using connection ID 'ps_db_conn' for task execution.
[2024-06-24T10:12:19.972+0000] {base.py:84} INFO - Using connection ID 'ps_db_conn' for task execution.
[2024-06-24T10:12:19.976+0000] {sql.py:487} INFO - Running statement: CREATE TABLE IF NOT EXISTS public.measures
			(
    			timestamp timestamp,
    			temp      float4,
    			city      varchar
		 );, parameters: None
[2024-06-24T10:12:20.000+0000] {taskinstance.py:441} INFO - ::group::Post task execution logs
[2024-06-24T10:12:20.012+0000] {taskinstance.py:1206} INFO - Marking task as SUCCESS. dag_id=weather_dag, task_id=create_table_if_not_exists, run_id=scheduled__2024-06-22T00:00:00+00:00, execution_date=20240622T000000, start_date=20240624T101219, end_date=20240624T101220
[2024-06-24T10:12:20.038+0000] {local_task_job_runner.py:240} INFO - Task exited with return code 0
[2024-06-24T10:12:20.051+0000] {warnings.py:112} WARNING - /home/***/.local/lib/python3.12/site-packages/***/models/baseoperator.py:1297: AirflowProviderDeprecationWarning: Call to deprecated class SimpleHttpOperator. (Class `SimpleHttpOperator` is deprecated and will be removed in a future release. Please use `HttpOperator` instead.)
  result = cls.__new__(cls)

[2024-06-24T10:12:20.052+0000] {warnings.py:112} WARNING - /home/***/.local/lib/python3.12/site-packages/***/models/baseoperator.py:1297: AirflowProviderDeprecationWarning: Call to deprecated class PostgresOperator. (Please use `***.providers.common.sql.operators.sql.SQLExecuteQueryOperator`.Also, you can provide `hook_params={'schema': <database>}`.)
  result = cls.__new__(cls)

[2024-06-24T10:12:20.072+0000] {taskinstance.py:3503} INFO - 0 downstream tasks scheduled from follow-on schedule check
[2024-06-24T10:12:20.075+0000] {local_task_job_runner.py:222} INFO - ::endgroup::
