[2024-06-24T09:53:59.610+0000] {local_task_job_runner.py:120} INFO - ::group::Pre task execution logs
[2024-06-24T09:53:59.628+0000] {taskinstance.py:2076} INFO - Dependencies all met for dep_context=non-requeueable deps ti=<TaskInstance: weather_dag.check_api scheduled__2024-06-22T00:00:00+00:00 [queued]>
[2024-06-24T09:53:59.636+0000] {taskinstance.py:2076} INFO - Dependencies all met for dep_context=requeueable deps ti=<TaskInstance: weather_dag.check_api scheduled__2024-06-22T00:00:00+00:00 [queued]>
[2024-06-24T09:53:59.636+0000] {taskinstance.py:2306} INFO - Starting attempt 3 of 3
[2024-06-24T09:53:59.651+0000] {taskinstance.py:2330} INFO - Executing <Task(HttpSensor): check_api> on 2024-06-22 00:00:00+00:00
[2024-06-24T09:53:59.657+0000] {warnings.py:112} WARNING - /home/***/.local/lib/python3.12/site-packages/***/task/task_runner/standard_task_runner.py:61: DeprecationWarning: This process (pid=362) is multi-threaded, use of fork() may lead to deadlocks in the child.
  pid = os.fork()

[2024-06-24T09:53:59.658+0000] {standard_task_runner.py:63} INFO - Started process 375 to run task
[2024-06-24T09:53:59.658+0000] {standard_task_runner.py:90} INFO - Running: ['***', 'tasks', 'run', 'weather_dag', 'check_api', 'scheduled__2024-06-22T00:00:00+00:00', '--job-id', '26', '--raw', '--subdir', 'DAGS_FOLDER/weather_dag.py', '--cfg-path', '/tmp/tmp4sylhsig']
[2024-06-24T09:53:59.661+0000] {standard_task_runner.py:91} INFO - Job 26: Subtask check_api
[2024-06-24T09:53:59.708+0000] {task_command.py:426} INFO - Running <TaskInstance: weather_dag.check_api scheduled__2024-06-22T00:00:00+00:00 [running]> on host be890d2c7850
[2024-06-24T09:53:59.799+0000] {taskinstance.py:2648} INFO - Exporting env vars: AIRFLOW_CTX_DAG_OWNER='***' AIRFLOW_CTX_DAG_ID='weather_dag' AIRFLOW_CTX_TASK_ID='check_api' AIRFLOW_CTX_EXECUTION_DATE='2024-06-22T00:00:00+00:00' AIRFLOW_CTX_TRY_NUMBER='3' AIRFLOW_CTX_DAG_RUN_ID='scheduled__2024-06-22T00:00:00+00:00'
[2024-06-24T09:53:59.801+0000] {taskinstance.py:430} INFO - ::endgroup::
[2024-06-24T09:53:59.802+0000] {baseoperator.py:400} WARNING - HttpSensor.execute cannot be called outside TaskInstance!
[2024-06-24T09:53:59.802+0000] {http.py:137} INFO - Poking: data/2.5/weather
[2024-06-24T09:53:59.810+0000] {base.py:84} INFO - Using connection ID 'weather_conn' for task execution.
[2024-06-24T09:54:00.198+0000] {base.py:294} INFO - Success criteria met. Exiting.
[2024-06-24T09:54:00.199+0000] {taskinstance.py:441} INFO - ::group::Post task execution logs
[2024-06-24T09:54:00.207+0000] {taskinstance.py:1206} INFO - Marking task as SUCCESS. dag_id=weather_dag, task_id=check_api, run_id=scheduled__2024-06-22T00:00:00+00:00, execution_date=20240622T000000, start_date=20240624T095359, end_date=20240624T095400
[2024-06-24T09:54:00.234+0000] {local_task_job_runner.py:240} INFO - Task exited with return code 0
[2024-06-24T09:54:00.247+0000] {warnings.py:112} WARNING - /home/***/.local/lib/python3.12/site-packages/***/models/baseoperator.py:1297: AirflowProviderDeprecationWarning: Call to deprecated class SimpleHttpOperator. (Class `SimpleHttpOperator` is deprecated and will be removed in a future release. Please use `HttpOperator` instead.)
  result = cls.__new__(cls)

[2024-06-24T09:54:00.249+0000] {warnings.py:112} WARNING - /home/***/.local/lib/python3.12/site-packages/***/models/baseoperator.py:1297: AirflowProviderDeprecationWarning: Call to deprecated class PostgresOperator. (Please use `***.providers.common.sql.operators.sql.SQLExecuteQueryOperator`.Also, you can provide `hook_params={'schema': <database>}`.)
  result = cls.__new__(cls)

[2024-06-24T09:54:00.281+0000] {taskinstance.py:3503} INFO - 2 downstream tasks scheduled from follow-on schedule check
[2024-06-24T09:54:00.283+0000] {local_task_job_runner.py:222} INFO - ::endgroup::
